1675568243354	geckodriver	INFO	Listening on 127.0.0.1:52597
1675568244091	mozrunner::runner	INFO	Running command: "/usr/bin/firefox" "--marionette" "--window-size=810,1080" "--headless" "--disable-extensions" "--no-sandbox" "--disable-dev-shm-usage" "--remote-debugging-port" "60439" "--remote-allow-hosts" "localhost" "-no-remote" "-profile" "/tmp/rust_mozprofileCC8YS5"
*** You are running in headless mode.

(firefox:54): Gtk-WARNING **: 22:37:24.152: Locale not supported by C library.
	Using the fallback 'C' locale.
Crash Annotation GraphicsCriticalError: |[0][GFX1-]: glxtest: Unable to open a connection to the X server (t=0.584074) [GFX1-]: glxtest: Unable to open a connection to the X server
Crash Annotation GraphicsCriticalError: |[0][GFX1-]: glxtest: Unable to open a connection to the X server (t=0.584074) |[1][GFX1-]: glxtest: libEGL no display (t=0.584114) [GFX1-]: glxtest: libEGL no display
Crash Annotation GraphicsCriticalError: |[0][GFX1-]: glxtest: Unable to open a connection to the X server (t=0.584074) |[1][GFX1-]: glxtest: libEGL no display (t=0.584114) |[2][GFX1-]: More than 1 GPU vendor detected via PCI, cannot deduce vendor (t=0.584127) [GFX1-]: More than 1 GPU vendor detected via PCI, cannot deduce vendor
Crash Annotation GraphicsCriticalError: |[0][GFX1-]: glxtest: Unable to open a connection to the X server (t=0.584074) |[1][GFX1-]: glxtest: libEGL no display (t=0.584114) |[2][GFX1-]: More than 1 GPU vendor detected via PCI, cannot deduce vendor (t=0.584127) |[3][GFX1-]: PCI candidate 0x102b/0x0536 (t=0.584133) [GFX1-]: PCI candidate 0x102b/0x0536
Crash Annotation GraphicsCriticalError: |[0][GFX1-]: glxtest: Unable to open a connection to the X server (t=0.584074) |[1][GFX1-]: glxtest: libEGL no display (t=0.584114) |[2][GFX1-]: More than 1 GPU vendor detected via PCI, cannot deduce vendor (t=0.584127) |[3][GFX1-]: PCI candidate 0x102b/0x0536 (t=0.584133) |[4][GFX1-]: PCI candidate 0x10de/0x20b0 (t=0.584139) [GFX1-]: PCI candidate 0x10de/0x20b0
Crash Annotation GraphicsCriticalError: |[0][GFX1-]: glxtest: Unable to open a connection to the X server (t=0.584074) |[1][GFX1-]: glxtest: libEGL no display (t=0.584114) |[2][GFX1-]: More than 1 GPU vendor detected via PCI, cannot deduce vendor (t=0.584127) |[3][GFX1-]: PCI candidate 0x102b/0x0536 (t=0.584133) |[4][GFX1-]: PCI candidate 0x10de/0x20b0 (t=0.584139) |[5][GFX1-]: PCI candidate 0x10de/0x20b0 (t=0.584145) [GFX1-]: PCI candidate 0x10de/0x20b0
Crash Annotation GraphicsCriticalError: |[0][GFX1-]: glxtest: Unable to open a connection to the X server (t=0.584074) |[1][GFX1-]: glxtest: libEGL no display (t=0.584114) |[2][GFX1-]: More than 1 GPU vendor detected via PCI, cannot deduce vendor (t=0.584127) |[3][GFX1-]: PCI candidate 0x102b/0x0536 (t=0.584133) |[4][GFX1-]: PCI candidate 0x10de/0x20b0 (t=0.584139) |[5][GFX1-]: PCI candidate 0x10de/0x20b0 (t=0.584145) |[6][GFX1-]: PCI candidate 0x10de/0x20b0 (t=0.584151) [GFX1-]: PCI candidate 0x10de/0x20b0
Crash Annotation GraphicsCriticalError: |[0][GFX1-]: glxtest: Unable to open a connection to the X server (t=0.584074) |[1][GFX1-]: glxtest: libEGL no display (t=0.584114) |[2][GFX1-]: More than 1 GPU vendor detected via PCI, cannot deduce vendor (t=0.584127) |[3][GFX1-]: PCI candidate 0x102b/0x0536 (t=0.584133) |[4][GFX1-]: PCI candidate 0x10de/0x20b0 (t=0.584139) |[5][GFX1-]: PCI candidate 0x10de/0x20b0 (t=0.584145) |[6][GFX1-]: PCI candidate 0x10de/0x20b0 (t=0.584151) |[7][GFX1-]: PCI candidate 0x10de/0x20b0 (t=0.584157) [GFX1-]: PCI candidate 0x10de/0x20b0
1675568245207	Marionette	INFO	Marionette enabled
1675568245212	Marionette	INFO	Listening on port 44801
WebDriver BiDi listening on ws://localhost:60439
Read port: 44801
1675568245359	RemoteAgent	WARN	TLS certificate errors will be ignored for this session
Crash Annotation GraphicsCriticalError: |[0][GFX1-]: glxtest: Unable to open a connection to the X server (t=0.584074) |[1][GFX1-]: glxtest: libEGL no display (t=0.584114) |[2][GFX1-]: More than 1 GPU vendor detected via PCI, cannot deduce vendor (t=0.584127) |[3][GFX1-]: PCI candidate 0x102b/0x0536 (t=0.584133) |[4][GFX1-]: PCI candidate 0x10de/0x20b0 (t=0.584139) |[5][GFX1-]: PCI candidate 0x10de/0x20b0 (t=0.584145) |[6][GFX1-]: PCI candidate 0x10de/0x20b0 (t=0.584151) |[7][GFX1-]: PCI candidate 0x10de/0x20b0 (t=0.584157) |[8][GFX1-]: RenderCompositorSWGL failed mapping default framebuffer, no dt (t=1.70058) [GFX1-]: RenderCompositorSWGL failed mapping default framebuffer, no dt
console.warn: SearchSettings: "get: No settings file exists, new profile?" (new NotFoundError("Could not open the file at /tmp/rust_mozprofileCC8YS5/search.json.mozlz4", (void 0)))
Missing chrome or resource URL: resource://gre/modules/UpdateListener.jsm
Missing chrome or resource URL: resource://gre/modules/UpdateListener.sys.mjs
DevTools listening on ws://localhost:60439/devtools/browser/6faf1d2d-a04b-4e27-83cf-668e78d43261
1675568246554	Marionette	INFO	Stopped listening on port 44801
Missing chrome or resource URL: resource://gre/modules/UpdateListener.jsm
Missing chrome or resource URL: resource://gre/modules/UpdateListener.sys.mjs
console.error: "Error during quit-application-granted: [Exception... \"File error: Not found\"  nsresult: \"0x80520012 (NS_ERROR_FILE_NOT_FOUND)\"  location: \"JS frame :: resource:///modules/BrowserGlue.jsm :: _onQuitApplicationGranted/tasks< :: line 1996\"  data: no]"
JavaScript error: resource://services-settings/Utils.jsm, line 237: TypeError: NetworkError: Network request failed
1675568644285	geckodriver	INFO	Listening on 127.0.0.1:43633
1675568644843	mozrunner::runner	INFO	Running command: "/usr/bin/firefox" "--marionette" "--window-size=810,1080" "--headless" "--disable-extensions" "--no-sandbox" "--disable-dev-shm-usage" "--remote-debugging-port" "60501" "--remote-allow-hosts" "localhost" "-no-remote" "-profile" "/tmp/rust_mozprofileineRLh"
*** You are running in headless mode.

(firefox:337): Gtk-WARNING **: 22:44:04.893: Locale not supported by C library.
	Using the fallback 'C' locale.
Crash Annotation GraphicsCriticalError: |[0][GFX1-]: glxtest: Unable to open a connection to the X server (t=0.224771) [GFX1-]: glxtest: Unable to open a connection to the X server
Crash Annotation GraphicsCriticalError: |[0][GFX1-]: glxtest: Unable to open a connection to the X server (t=0.224771) |[1][GFX1-]: glxtest: libEGL no display (t=0.22481) [GFX1-]: glxtest: libEGL no display
Crash Annotation GraphicsCriticalError: |[0][GFX1-]: glxtest: Unable to open a connection to the X server (t=0.224771) |[1][GFX1-]: glxtest: libEGL no display (t=0.22481) |[2][GFX1-]: More than 1 GPU vendor detected via PCI, cannot deduce vendor (t=0.224822) [GFX1-]: More than 1 GPU vendor detected via PCI, cannot deduce vendor
Crash Annotation GraphicsCriticalError: |[0][GFX1-]: glxtest: Unable to open a connection to the X server (t=0.224771) |[1][GFX1-]: glxtest: libEGL no display (t=0.22481) |[2][GFX1-]: More than 1 GPU vendor detected via PCI, cannot deduce vendor (t=0.224822) |[3][GFX1-]: PCI candidate 0x102b/0x0536 (t=0.224828) [GFX1-]: PCI candidate 0x102b/0x0536
Crash Annotation GraphicsCriticalError: |[0][GFX1-]: glxtest: Unable to open a connection to the X server (t=0.224771) |[1][GFX1-]: glxtest: libEGL no display (t=0.22481) |[2][GFX1-]: More than 1 GPU vendor detected via PCI, cannot deduce vendor (t=0.224822) |[3][GFX1-]: PCI candidate 0x102b/0x0536 (t=0.224828) |[4][GFX1-]: PCI candidate 0x10de/0x20b0 (t=0.224834) [GFX1-]: PCI candidate 0x10de/0x20b0
Crash Annotation GraphicsCriticalError: |[0][GFX1-]: glxtest: Unable to open a connection to the X server (t=0.224771) |[1][GFX1-]: glxtest: libEGL no display (t=0.22481) |[2][GFX1-]: More than 1 GPU vendor detected via PCI, cannot deduce vendor (t=0.224822) |[3][GFX1-]: PCI candidate 0x102b/0x0536 (t=0.224828) |[4][GFX1-]: PCI candidate 0x10de/0x20b0 (t=0.224834) |[5][GFX1-]: PCI candidate 0x10de/0x20b0 (t=0.22484) [GFX1-]: PCI candidate 0x10de/0x20b0
Crash Annotation GraphicsCriticalError: |[0][GFX1-]: glxtest: Unable to open a connection to the X server (t=0.224771) |[1][GFX1-]: glxtest: libEGL no display (t=0.22481) |[2][GFX1-]: More than 1 GPU vendor detected via PCI, cannot deduce vendor (t=0.224822) |[3][GFX1-]: PCI candidate 0x102b/0x0536 (t=0.224828) |[4][GFX1-]: PCI candidate 0x10de/0x20b0 (t=0.224834) |[5][GFX1-]: PCI candidate 0x10de/0x20b0 (t=0.22484) |[6][GFX1-]: PCI candidate 0x10de/0x20b0 (t=0.224846) [GFX1-]: PCI candidate 0x10de/0x20b0
Crash Annotation GraphicsCriticalError: |[0][GFX1-]: glxtest: Unable to open a connection to the X server (t=0.224771) |[1][GFX1-]: glxtest: libEGL no display (t=0.22481) |[2][GFX1-]: More than 1 GPU vendor detected via PCI, cannot deduce vendor (t=0.224822) |[3][GFX1-]: PCI candidate 0x102b/0x0536 (t=0.224828) |[4][GFX1-]: PCI candidate 0x10de/0x20b0 (t=0.224834) |[5][GFX1-]: PCI candidate 0x10de/0x20b0 (t=0.22484) |[6][GFX1-]: PCI candidate 0x10de/0x20b0 (t=0.224846) |[7][GFX1-]: PCI candidate 0x10de/0x20b0 (t=0.224859) [GFX1-]: PCI candidate 0x10de/0x20b0
1675568645090	Marionette	INFO	Marionette enabled
1675568645094	Marionette	INFO	Listening on port 43627
WebDriver BiDi listening on ws://localhost:60501
Read port: 43627
1675568645192	RemoteAgent	WARN	TLS certificate errors will be ignored for this session
Crash Annotation GraphicsCriticalError: |[0][GFX1-]: glxtest: Unable to open a connection to the X server (t=0.224771) |[1][GFX1-]: glxtest: libEGL no display (t=0.22481) |[2][GFX1-]: More than 1 GPU vendor detected via PCI, cannot deduce vendor (t=0.224822) |[3][GFX1-]: PCI candidate 0x102b/0x0536 (t=0.224828) |[4][GFX1-]: PCI candidate 0x10de/0x20b0 (t=0.224834) |[5][GFX1-]: PCI candidate 0x10de/0x20b0 (t=0.22484) |[6][GFX1-]: PCI candidate 0x10de/0x20b0 (t=0.224846) |[7][GFX1-]: PCI candidate 0x10de/0x20b0 (t=0.224859) |[8][GFX1-]: RenderCompositorSWGL failed mapping default framebuffer, no dt (t=0.649549) [GFX1-]: RenderCompositorSWGL failed mapping default framebuffer, no dt
console.warn: SearchSettings: "get: No settings file exists, new profile?" (new NotFoundError("Could not open the file at /tmp/rust_mozprofileineRLh/search.json.mozlz4", (void 0)))
Missing chrome or resource URL: resource://gre/modules/UpdateListener.jsm
Missing chrome or resource URL: resource://gre/modules/UpdateListener.sys.mjs
DevTools listening on ws://localhost:60501/devtools/browser/c84cd00d-c3d5-4b5b-b321-77163b8a7f24
1675568646078	Marionette	INFO	Stopped listening on port 43627
Missing chrome or resource URL: resource://gre/modules/UpdateListener.jsm
Missing chrome or resource URL: resource://gre/modules/UpdateListener.sys.mjs
console.error: "Error during quit-application-granted: [Exception... \"File error: Not found\"  nsresult: \"0x80520012 (NS_ERROR_FILE_NOT_FOUND)\"  location: \"JS frame :: resource:///modules/BrowserGlue.jsm :: _onQuitApplicationGranted/tasks< :: line 1996\"  data: no]"
JavaScript error: resource://services-settings/RemoteSettingsWorker.jsm, line 143: Error: Shutdown, aborting read-only worker requests.
1675568647361	geckodriver	INFO	Listening on 127.0.0.1:45379
1675568647921	mozrunner::runner	INFO	Running command: "/usr/bin/firefox" "--marionette" "--window-size=810,1080" "--headless" "--disable-extensions" "--no-sandbox" "--disable-dev-shm-usage" "--remote-debugging-port" "43721" "--remote-allow-hosts" "localhost" "-no-remote" "-profile" "/tmp/rust_mozprofilesU7uDm"
*** You are running in headless mode.

(firefox:571): Gtk-WARNING **: 22:44:07.971: Locale not supported by C library.
	Using the fallback 'C' locale.
Crash Annotation GraphicsCriticalError: |[0][GFX1-]: glxtest: Unable to open a connection to the X server (t=0.225737) [GFX1-]: glxtest: Unable to open a connection to the X server
Crash Annotation GraphicsCriticalError: |[0][GFX1-]: glxtest: Unable to open a connection to the X server (t=0.225737) |[1][GFX1-]: glxtest: libEGL no display (t=0.225779) [GFX1-]: glxtest: libEGL no display
Crash Annotation GraphicsCriticalError: |[0][GFX1-]: glxtest: Unable to open a connection to the X server (t=0.225737) |[1][GFX1-]: glxtest: libEGL no display (t=0.225779) |[2][GFX1-]: More than 1 GPU vendor detected via PCI, cannot deduce vendor (t=0.225792) [GFX1-]: More than 1 GPU vendor detected via PCI, cannot deduce vendor
Crash Annotation GraphicsCriticalError: |[0][GFX1-]: glxtest: Unable to open a connection to the X server (t=0.225737) |[1][GFX1-]: glxtest: libEGL no display (t=0.225779) |[2][GFX1-]: More than 1 GPU vendor detected via PCI, cannot deduce vendor (t=0.225792) |[3][GFX1-]: PCI candidate 0x102b/0x0536 (t=0.225798) [GFX1-]: PCI candidate 0x102b/0x0536
Crash Annotation GraphicsCriticalError: |[0][GFX1-]: glxtest: Unable to open a connection to the X server (t=0.225737) |[1][GFX1-]: glxtest: libEGL no display (t=0.225779) |[2][GFX1-]: More than 1 GPU vendor detected via PCI, cannot deduce vendor (t=0.225792) |[3][GFX1-]: PCI candidate 0x102b/0x0536 (t=0.225798) |[4][GFX1-]: PCI candidate 0x10de/0x20b0 (t=0.225807) [GFX1-]: PCI candidate 0x10de/0x20b0
Crash Annotation GraphicsCriticalError: |[0][GFX1-]: glxtest: Unable to open a connection to the X server (t=0.225737) |[1][GFX1-]: glxtest: libEGL no display (t=0.225779) |[2][GFX1-]: More than 1 GPU vendor detected via PCI, cannot deduce vendor (t=0.225792) |[3][GFX1-]: PCI candidate 0x102b/0x0536 (t=0.225798) |[4][GFX1-]: PCI candidate 0x10de/0x20b0 (t=0.225807) |[5][GFX1-]: PCI candidate 0x10de/0x20b0 (t=0.225813) [GFX1-]: PCI candidate 0x10de/0x20b0
Crash Annotation GraphicsCriticalError: |[0][GFX1-]: glxtest: Unable to open a connection to the X server (t=0.225737) |[1][GFX1-]: glxtest: libEGL no display (t=0.225779) |[2][GFX1-]: More than 1 GPU vendor detected via PCI, cannot deduce vendor (t=0.225792) |[3][GFX1-]: PCI candidate 0x102b/0x0536 (t=0.225798) |[4][GFX1-]: PCI candidate 0x10de/0x20b0 (t=0.225807) |[5][GFX1-]: PCI candidate 0x10de/0x20b0 (t=0.225813) |[6][GFX1-]: PCI candidate 0x10de/0x20b0 (t=0.22582) [GFX1-]: PCI candidate 0x10de/0x20b0
Crash Annotation GraphicsCriticalError: |[0][GFX1-]: glxtest: Unable to open a connection to the X server (t=0.225737) |[1][GFX1-]: glxtest: libEGL no display (t=0.225779) |[2][GFX1-]: More than 1 GPU vendor detected via PCI, cannot deduce vendor (t=0.225792) |[3][GFX1-]: PCI candidate 0x102b/0x0536 (t=0.225798) |[4][GFX1-]: PCI candidate 0x10de/0x20b0 (t=0.225807) |[5][GFX1-]: PCI candidate 0x10de/0x20b0 (t=0.225813) |[6][GFX1-]: PCI candidate 0x10de/0x20b0 (t=0.22582) |[7][GFX1-]: PCI candidate 0x10de/0x20b0 (t=0.225974) [GFX1-]: PCI candidate 0x10de/0x20b0
1675568648169	Marionette	INFO	Marionette enabled
1675568648172	Marionette	INFO	Listening on port 41533
WebDriver BiDi listening on ws://localhost:43721
Read port: 41533
1675568648270	RemoteAgent	WARN	TLS certificate errors will be ignored for this session
Crash Annotation GraphicsCriticalError: |[0][GFX1-]: glxtest: Unable to open a connection to the X server (t=0.225737) |[1][GFX1-]: glxtest: libEGL no display (t=0.225779) |[2][GFX1-]: More than 1 GPU vendor detected via PCI, cannot deduce vendor (t=0.225792) |[3][GFX1-]: PCI candidate 0x102b/0x0536 (t=0.225798) |[4][GFX1-]: PCI candidate 0x10de/0x20b0 (t=0.225807) |[5][GFX1-]: PCI candidate 0x10de/0x20b0 (t=0.225813) |[6][GFX1-]: PCI candidate 0x10de/0x20b0 (t=0.22582) |[7][GFX1-]: PCI candidate 0x10de/0x20b0 (t=0.225974) |[8][GFX1-]: RenderCompositorSWGL failed mapping default framebuffer, no dt (t=0.705384) [GFX1-]: RenderCompositorSWGL failed mapping default framebuffer, no dt
console.warn: SearchSettings: "get: No settings file exists, new profile?" (new NotFoundError("Could not open the file at /tmp/rust_mozprofilesU7uDm/search.json.mozlz4", (void 0)))
Missing chrome or resource URL: resource://gre/modules/UpdateListener.jsm
Missing chrome or resource URL: resource://gre/modules/UpdateListener.sys.mjs
DevTools listening on ws://localhost:43721/devtools/browser/97dafe0d-931e-4d03-a78b-0baf8ab4958f
1675569989648	geckodriver	INFO	Listening on 127.0.0.1:51151
1675569990204	mozrunner::runner	INFO	Running command: "/usr/bin/firefox" "--marionette" "--window-size=810,1080" "--headless" "--disable-extensions" "--no-sandbox" "--disable-dev-shm-usage" "--remote-debugging-port" "35051" "--remote-allow-hosts" "localhost" "-no-remote" "-profile" "/tmp/rust_mozprofilexQOEkM"
*** You are running in headless mode.

(firefox:853): Gtk-WARNING **: 23:06:30.251: Locale not supported by C library.
	Using the fallback 'C' locale.
Crash Annotation GraphicsCriticalError: |[0][GFX1-]: glxtest: Unable to open a connection to the X server (t=0.223988) [GFX1-]: glxtest: Unable to open a connection to the X server
Crash Annotation GraphicsCriticalError: |[0][GFX1-]: glxtest: Unable to open a connection to the X server (t=0.223988) |[1][GFX1-]: glxtest: libEGL no display (t=0.224028) [GFX1-]: glxtest: libEGL no display
Crash Annotation GraphicsCriticalError: |[0][GFX1-]: glxtest: Unable to open a connection to the X server (t=0.223988) |[1][GFX1-]: glxtest: libEGL no display (t=0.224028) |[2][GFX1-]: More than 1 GPU vendor detected via PCI, cannot deduce vendor (t=0.22404) [GFX1-]: More than 1 GPU vendor detected via PCI, cannot deduce vendor
Crash Annotation GraphicsCriticalError: |[0][GFX1-]: glxtest: Unable to open a connection to the X server (t=0.223988) |[1][GFX1-]: glxtest: libEGL no display (t=0.224028) |[2][GFX1-]: More than 1 GPU vendor detected via PCI, cannot deduce vendor (t=0.22404) |[3][GFX1-]: PCI candidate 0x102b/0x0536 (t=0.224046) [GFX1-]: PCI candidate 0x102b/0x0536
Crash Annotation GraphicsCriticalError: |[0][GFX1-]: glxtest: Unable to open a connection to the X server (t=0.223988) |[1][GFX1-]: glxtest: libEGL no display (t=0.224028) |[2][GFX1-]: More than 1 GPU vendor detected via PCI, cannot deduce vendor (t=0.22404) |[3][GFX1-]: PCI candidate 0x102b/0x0536 (t=0.224046) |[4][GFX1-]: PCI candidate 0x10de/0x20b0 (t=0.224052) [GFX1-]: PCI candidate 0x10de/0x20b0
Crash Annotation GraphicsCriticalError: |[0][GFX1-]: glxtest: Unable to open a connection to the X server (t=0.223988) |[1][GFX1-]: glxtest: libEGL no display (t=0.224028) |[2][GFX1-]: More than 1 GPU vendor detected via PCI, cannot deduce vendor (t=0.22404) |[3][GFX1-]: PCI candidate 0x102b/0x0536 (t=0.224046) |[4][GFX1-]: PCI candidate 0x10de/0x20b0 (t=0.224052) |[5][GFX1-]: PCI candidate 0x10de/0x20b0 (t=0.224058) [GFX1-]: PCI candidate 0x10de/0x20b0
Crash Annotation GraphicsCriticalError: |[0][GFX1-]: glxtest: Unable to open a connection to the X server (t=0.223988) |[1][GFX1-]: glxtest: libEGL no display (t=0.224028) |[2][GFX1-]: More than 1 GPU vendor detected via PCI, cannot deduce vendor (t=0.22404) |[3][GFX1-]: PCI candidate 0x102b/0x0536 (t=0.224046) |[4][GFX1-]: PCI candidate 0x10de/0x20b0 (t=0.224052) |[5][GFX1-]: PCI candidate 0x10de/0x20b0 (t=0.224058) |[6][GFX1-]: PCI candidate 0x10de/0x20b0 (t=0.224064) [GFX1-]: PCI candidate 0x10de/0x20b0
Crash Annotation GraphicsCriticalError: |[0][GFX1-]: glxtest: Unable to open a connection to the X server (t=0.223988) |[1][GFX1-]: glxtest: libEGL no display (t=0.224028) |[2][GFX1-]: More than 1 GPU vendor detected via PCI, cannot deduce vendor (t=0.22404) |[3][GFX1-]: PCI candidate 0x102b/0x0536 (t=0.224046) |[4][GFX1-]: PCI candidate 0x10de/0x20b0 (t=0.224052) |[5][GFX1-]: PCI candidate 0x10de/0x20b0 (t=0.224058) |[6][GFX1-]: PCI candidate 0x10de/0x20b0 (t=0.224064) |[7][GFX1-]: PCI candidate 0x10de/0x20b0 (t=0.224071) [GFX1-]: PCI candidate 0x10de/0x20b0
1675569990446	Marionette	INFO	Marionette enabled
1675569990449	Marionette	INFO	Listening on port 34175
WebDriver BiDi listening on ws://localhost:35051
Read port: 34175
1675569990548	RemoteAgent	WARN	TLS certificate errors will be ignored for this session
Crash Annotation GraphicsCriticalError: |[0][GFX1-]: glxtest: Unable to open a connection to the X server (t=0.223988) |[1][GFX1-]: glxtest: libEGL no display (t=0.224028) |[2][GFX1-]: More than 1 GPU vendor detected via PCI, cannot deduce vendor (t=0.22404) |[3][GFX1-]: PCI candidate 0x102b/0x0536 (t=0.224046) |[4][GFX1-]: PCI candidate 0x10de/0x20b0 (t=0.224052) |[5][GFX1-]: PCI candidate 0x10de/0x20b0 (t=0.224058) |[6][GFX1-]: PCI candidate 0x10de/0x20b0 (t=0.224064) |[7][GFX1-]: PCI candidate 0x10de/0x20b0 (t=0.224071) |[8][GFX1-]: RenderCompositorSWGL failed mapping default framebuffer, no dt (t=0.678498) [GFX1-]: RenderCompositorSWGL failed mapping default framebuffer, no dt
console.warn: SearchSettings: "get: No settings file exists, new profile?" (new NotFoundError("Could not open the file at /tmp/rust_mozprofilexQOEkM/search.json.mozlz4", (void 0)))
Missing chrome or resource URL: resource://gre/modules/UpdateListener.jsm
Missing chrome or resource URL: resource://gre/modules/UpdateListener.sys.mjs
DevTools listening on ws://localhost:35051/devtools/browser/09297446-d41d-4c67-a900-09c4c939eb35
JavaScript warning: https://z.moatads.com/zillowgamdisplay501800116559/moatad.js#moatClientLevel1=4623916797&moatClientLevel2=2546630774&moatClientLevel3=6095851649&moatClientLevel4=138402621571&moatClientSlicer1=31751151&moatClientSlicer2=21885118207&zMoatPS=&zMoatAdUnitPath=/7449/zillow/search_results_1/buy_general/search_1&zMoatSZ=0x0, line 238: WebGL warning: <Create>: WebglAllowWindowsNativeGl:false restricts context creation on this system.
JavaScript warning: https://z.moatads.com/zillowgamdisplay501800116559/moatad.js#moatClientLevel1=4623916797&moatClientLevel2=2546630774&moatClientLevel3=6095851649&moatClientLevel4=138402621571&moatClientSlicer1=31751151&moatClientSlicer2=21885118207&zMoatPS=&zMoatAdUnitPath=/7449/zillow/search_results_1/buy_general/search_1&zMoatSZ=0x0, line 238: Failed to create WebGL context: WebGL creation failed: 
* WebglAllowWindowsNativeGl:false restricts context creation on this system. ()
* Exhausted GL driver options. (FEATURE_FAILURE_WEBGL_EXHAUSTED_DRIVERS)
JavaScript warning: https://z.moatads.com/zillowgamdisplay501800116559/moatad.js#moatClientLevel1=4623916797&moatClientLevel2=2546630774&moatClientLevel3=6095851649&moatClientLevel4=138402621571&moatClientSlicer1=31751151&moatClientSlicer2=21885118207&zMoatPS=&zMoatAdUnitPath=/7449/zillow/search_results_1/buy_general/search_1&zMoatSZ=0x0, line 238: WebGL warning: <Create>: WebglAllowWindowsNativeGl:false restricts context creation on this system.
JavaScript warning: https://z.moatads.com/zillowgamdisplay501800116559/moatad.js#moatClientLevel1=4623916797&moatClientLevel2=2546630774&moatClientLevel3=6095851649&moatClientLevel4=138402621571&moatClientSlicer1=31751151&moatClientSlicer2=21885118207&zMoatPS=&zMoatAdUnitPath=/7449/zillow/search_results_1/buy_general/search_1&zMoatSZ=0x0, line 238: Failed to create WebGL context: WebGL creation failed: 
* WebglAllowWindowsNativeGl:false restricts context creation on this system. ()
* Exhausted GL driver options. (FEATURE_FAILURE_WEBGL_EXHAUSTED_DRIVERS)
JavaScript warning: https://pagead2.googlesyndication.com/bg/qd5KMEVePpT1ECIYP18qBYKfQjivfqNOtA0cTjFsQVM.js line 2 > eval line 6730 > eval line 1 > eval line 1 > eval, line 1: WebGL warning: <Create>: WebglAllowWindowsNativeGl:false restricts context creation on this system.
JavaScript warning: https://pagead2.googlesyndication.com/bg/qd5KMEVePpT1ECIYP18qBYKfQjivfqNOtA0cTjFsQVM.js line 2 > eval line 6730 > eval line 1 > eval line 1 > eval, line 1: Failed to create WebGL context: WebGL creation failed: 
* WebglAllowWindowsNativeGl:false restricts context creation on this system. ()
* Exhausted GL driver options. (FEATURE_FAILURE_WEBGL_EXHAUSTED_DRIVERS)
JavaScript warning: https://pagead2.googlesyndication.com/bg/qd5KMEVePpT1ECIYP18qBYKfQjivfqNOtA0cTjFsQVM.js line 2 > eval line 5449 > eval line 1 > eval line 1 > eval, line 1: WebGL warning: <Create>: WebglAllowWindowsNativeGl:false restricts context creation on this system.
JavaScript warning: https://pagead2.googlesyndication.com/bg/qd5KMEVePpT1ECIYP18qBYKfQjivfqNOtA0cTjFsQVM.js line 2 > eval line 5449 > eval line 1 > eval line 1 > eval, line 1: Failed to create WebGL context: WebGL creation failed: 
* WebglAllowWindowsNativeGl:false restricts context creation on this system. ()
* Exhausted GL driver options. (FEATURE_FAILURE_WEBGL_EXHAUSTED_DRIVERS)
JavaScript error: , line 0: uncaught exception: 7
1675570030249	Marionette	INFO	Stopped listening on port 34175
Missing chrome or resource URL: resource://gre/modules/UpdateListener.jsm
Missing chrome or resource URL: resource://gre/modules/UpdateListener.sys.mjs
console.error: "Error during quit-application-granted: [Exception... \"File error: Not found\"  nsresult: \"0x80520012 (NS_ERROR_FILE_NOT_FOUND)\"  location: \"JS frame :: resource:///modules/BrowserGlue.jsm :: _onQuitApplicationGranted/tasks< :: line 1996\"  data: no]"
JavaScript error: , line 0: TypeError: NetworkError when attempting to fetch resource.
JavaScript error: , line 0: TypeError: NetworkError when attempting to fetch resource.
1675570030658	geckodriver	INFO	Listening on 127.0.0.1:43531
1675570031202	mozrunner::runner	INFO	Running command: "/usr/bin/firefox" "--marionette" "--window-size=810,1080" "--headless" "--disable-extensions" "--no-sandbox" "--disable-dev-shm-usage" "--remote-debugging-port" "53955" "--remote-allow-hosts" "localhost" "-no-remote" "-profile" "/tmp/rust_mozprofilep0N7WT"
*** You are running in headless mode.

(firefox:1122): Gtk-WARNING **: 23:07:11.249: Locale not supported by C library.
	Using the fallback 'C' locale.
Crash Annotation GraphicsCriticalError: |[0][GFX1-]: glxtest: Unable to open a connection to the X server (t=0.22768) [GFX1-]: glxtest: Unable to open a connection to the X server
Crash Annotation GraphicsCriticalError: |[0][GFX1-]: glxtest: Unable to open a connection to the X server (t=0.22768) |[1][GFX1-]: glxtest: libEGL no display (t=0.227722) [GFX1-]: glxtest: libEGL no display
Crash Annotation GraphicsCriticalError: |[0][GFX1-]: glxtest: Unable to open a connection to the X server (t=0.22768) |[1][GFX1-]: glxtest: libEGL no display (t=0.227722) |[2][GFX1-]: More than 1 GPU vendor detected via PCI, cannot deduce vendor (t=0.227734) [GFX1-]: More than 1 GPU vendor detected via PCI, cannot deduce vendor
Crash Annotation GraphicsCriticalError: |[0][GFX1-]: glxtest: Unable to open a connection to the X server (t=0.22768) |[1][GFX1-]: glxtest: libEGL no display (t=0.227722) |[2][GFX1-]: More than 1 GPU vendor detected via PCI, cannot deduce vendor (t=0.227734) |[3][GFX1-]: PCI candidate 0x102b/0x0536 (t=0.22774) [GFX1-]: PCI candidate 0x102b/0x0536
Crash Annotation GraphicsCriticalError: |[0][GFX1-]: glxtest: Unable to open a connection to the X server (t=0.22768) |[1][GFX1-]: glxtest: libEGL no display (t=0.227722) |[2][GFX1-]: More than 1 GPU vendor detected via PCI, cannot deduce vendor (t=0.227734) |[3][GFX1-]: PCI candidate 0x102b/0x0536 (t=0.22774) |[4][GFX1-]: PCI candidate 0x10de/0x20b0 (t=0.227746) [GFX1-]: PCI candidate 0x10de/0x20b0
Crash Annotation GraphicsCriticalError: |[0][GFX1-]: glxtest: Unable to open a connection to the X server (t=0.22768) |[1][GFX1-]: glxtest: libEGL no display (t=0.227722) |[2][GFX1-]: More than 1 GPU vendor detected via PCI, cannot deduce vendor (t=0.227734) |[3][GFX1-]: PCI candidate 0x102b/0x0536 (t=0.22774) |[4][GFX1-]: PCI candidate 0x10de/0x20b0 (t=0.227746) |[5][GFX1-]: PCI candidate 0x10de/0x20b0 (t=0.227753) [GFX1-]: PCI candidate 0x10de/0x20b0
Crash Annotation GraphicsCriticalError: |[0][GFX1-]: glxtest: Unable to open a connection to the X server (t=0.22768) |[1][GFX1-]: glxtest: libEGL no display (t=0.227722) |[2][GFX1-]: More than 1 GPU vendor detected via PCI, cannot deduce vendor (t=0.227734) |[3][GFX1-]: PCI candidate 0x102b/0x0536 (t=0.22774) |[4][GFX1-]: PCI candidate 0x10de/0x20b0 (t=0.227746) |[5][GFX1-]: PCI candidate 0x10de/0x20b0 (t=0.227753) |[6][GFX1-]: PCI candidate 0x10de/0x20b0 (t=0.227759) [GFX1-]: PCI candidate 0x10de/0x20b0
Crash Annotation GraphicsCriticalError: |[0][GFX1-]: glxtest: Unable to open a connection to the X server (t=0.22768) |[1][GFX1-]: glxtest: libEGL no display (t=0.227722) |[2][GFX1-]: More than 1 GPU vendor detected via PCI, cannot deduce vendor (t=0.227734) |[3][GFX1-]: PCI candidate 0x102b/0x0536 (t=0.22774) |[4][GFX1-]: PCI candidate 0x10de/0x20b0 (t=0.227746) |[5][GFX1-]: PCI candidate 0x10de/0x20b0 (t=0.227753) |[6][GFX1-]: PCI candidate 0x10de/0x20b0 (t=0.227759) |[7][GFX1-]: PCI candidate 0x10de/0x20b0 (t=0.227938) [GFX1-]: PCI candidate 0x10de/0x20b0
1675570031447	Marionette	INFO	Marionette enabled
1675570031450	Marionette	INFO	Listening on port 39085
WebDriver BiDi listening on ws://localhost:53955
Read port: 39085
1675570031548	RemoteAgent	WARN	TLS certificate errors will be ignored for this session
Crash Annotation GraphicsCriticalError: |[0][GFX1-]: glxtest: Unable to open a connection to the X server (t=0.22768) |[1][GFX1-]: glxtest: libEGL no display (t=0.227722) |[2][GFX1-]: More than 1 GPU vendor detected via PCI, cannot deduce vendor (t=0.227734) |[3][GFX1-]: PCI candidate 0x102b/0x0536 (t=0.22774) |[4][GFX1-]: PCI candidate 0x10de/0x20b0 (t=0.227746) |[5][GFX1-]: PCI candidate 0x10de/0x20b0 (t=0.227753) |[6][GFX1-]: PCI candidate 0x10de/0x20b0 (t=0.227759) |[7][GFX1-]: PCI candidate 0x10de/0x20b0 (t=0.227938) |[8][GFX1-]: RenderCompositorSWGL failed mapping default framebuffer, no dt (t=0.647863) [GFX1-]: RenderCompositorSWGL failed mapping default framebuffer, no dt
console.warn: SearchSettings: "get: No settings file exists, new profile?" (new NotFoundError("Could not open the file at /tmp/rust_mozprofilep0N7WT/search.json.mozlz4", (void 0)))
Missing chrome or resource URL: resource://gre/modules/UpdateListener.jsm
Missing chrome or resource URL: resource://gre/modules/UpdateListener.sys.mjs
DevTools listening on ws://localhost:53955/devtools/browser/67ab5296-5085-4adc-8fa9-ac1e2ce237a4
1675570035329	Marionette	WARN	Ignoring event 'pageshow' because document has an invalid readyState of 'interactive'.
1675570035333	Marionette	WARN	Ignoring event 'pageshow' because document has an invalid readyState of 'interactive'.
1675570035337	Marionette	WARN	Ignoring event 'pageshow' because document has an invalid readyState of 'interactive'.
1675570035341	Marionette	WARN	Ignoring event 'pageshow' because document has an invalid readyState of 'interactive'.
1675570035345	Marionette	WARN	Ignoring event 'pageshow' because document has an invalid readyState of 'interactive'.
1675570035349	Marionette	WARN	Ignoring event 'pageshow' because document has an invalid readyState of 'interactive'.
1675570035353	Marionette	WARN	Ignoring event 'pageshow' because document has an invalid readyState of 'interactive'.
1675570035357	Marionette	WARN	Ignoring event 'pageshow' because document has an invalid readyState of 'interactive'.
1675570035360	Marionette	WARN	Ignoring event 'pageshow' because document has an invalid readyState of 'interactive'.
1675570035371	Marionette	WARN	Ignoring event 'pageshow' because document has an invalid readyState of 'interactive'.
